<?xml version="1.0" encoding="utf-8"?><testsuites name="pytest tests"><testsuite name="pytest" errors="0" failures="0" skipped="0" tests="20" time="5.731" timestamp="2026-09-17T23:43:09.196821+00:00" hostname="agent-env-2e46082c-28bf-4feb-95b5-051ce8b73309"><testcase classname="tests.test_team_console.TestAdminVerify" name="test_verify_ok" time="0.193" /><testcase classname="tests.test_team_console.TestAdminVerify" name="test_verify_wrong_key" time="0.078" /><testcase classname="tests.test_team_console.TestAdminVerify" name="test_verify_missing_key" time="0.079" /><testcase classname="tests.test_team_console.TestCreateMembership" name="test_create_bronze_europe" time="0.077" /><testcase classname="tests.test_team_console.TestCreateMembership" name="test_create_gold_africa" time="0.086" /><testcase classname="tests.test_team_console.TestCreateMembership" name="test_totals_endpoint_still_works" time="0.089" /><testcase classname="tests.test_team_console.TestPublicStatus" name="test_public_status_hides_personal" time="0.072" /><testcase classname="tests.test_team_console.TestPublicStatus" name="test_public_status_unknown_id" time="0.069" /><testcase classname="tests.test_team_console.TestAdminList" name="test_list_requires_key" time="0.090" /><testcase classname="tests.test_team_console.TestAdminList" name="test_list_returns_records" time="0.078" /><testcase classname="tests.test_team_console.TestAdminList" name="test_list_filter_by_status" time="0.070" /><testcase classname="tests.test_team_console.TestAdminList" name="test_list_invalid_status" time="0.123" /><testcase classname="tests.test_team_console.TestUpdateStatus" name="test_patch_requires_key" time="0.065" /><testcase classname="tests.test_team_console.TestUpdateStatus" name="test_patch_invalid_status" time="0.075" /><testcase classname="tests.test_team_console.TestUpdateStatus" name="test_patch_transitions_in_review" time="0.147" /><testcase classname="tests.test_team_console.TestUpdateStatus" name="test_patch_idempotent_same_status" time="0.072" /><testcase classname="tests.test_team_console.TestUpdateStatus" name="test_patch_transitions_approved" time="0.069" /><testcase classname="tests.test_team_console.TestUpdateStatus" name="test_patch_transitions_declined" time="0.067" /><testcase classname="tests.test_team_console.TestUpdateStatus" name="test_patch_unknown_id" time="0.071" /><testcase classname="tests.test_team_console.TestEmailsFire" name="test_backend_log_shows_email_sends" time="4.002" /></testsuite></testsuites>