<?xml version="1.0" encoding="utf-8"?><testsuites name="pytest tests"><testsuite name="pytest" errors="0" failures="0" skipped="0" tests="13" time="7.227" timestamp="2026-09-16T18:18:37.619663+00:00" hostname="agent-env-2e46082c-28bf-4feb-95b5-051ce8b73309"><testcase classname="tests.test_nesu_pledges.TestPledgeValidation" name="test_invalid_region" time="0.242" /><testcase classname="tests.test_nesu_pledges.TestPledgeCreationIncrements" name="test_create_increments_region[europe]" time="0.502" /><testcase classname="tests.test_nesu_pledges.TestPledgeValidation" name="test_invalid_tier" time="0.118" /><testcase classname="tests.test_nesu_pledges.TestPledgeValidation" name="test_invalid_email" time="0.096" /><testcase classname="tests.test_nesu_pledges.TestPledgeValidation" name="test_missing_required" time="0.082" /><testcase classname="tests.test_nesu_pledges.TestPledgeCreationIncrements" name="test_create_increments_region[united_states]" time="4.830" /><testcase classname="tests.test_nesu_pledges.TestHealth" name="test_root" time="0.082" /><testcase classname="tests.test_nesu_pledges.TestTotalsShape" name="test_totals_schema_and_regions" time="0.078" /><testcase classname="tests.test_nesu_pledges.TestPledgeCreationIncrements" name="test_create_increments_region[algeria]" time="0.278" /><testcase classname="tests.test_nesu_pledges.TestPledgeCreationIncrements" name="test_create_increments_region[middle_east_gulf]" time="0.256" /><testcase classname="tests.test_nesu_pledges.TestPledgeCreationIncrements" name="test_create_increments_region[brics]" time="0.270" /><testcase classname="tests.test_nesu_pledges.TestPledgeCreationIncrements" name="test_create_increments_region[africa]" time="0.300" /><testcase classname="tests.test_nesu_pledges.TestPledgeCreationIncrements" name="test_totals_persist_across_requests" time="0.461" /></testsuite></testsuites>