<?xml version="1.0" encoding="utf-8"?><testsuites name="pytest tests"><testsuite name="pytest" errors="0" failures="0" skipped="0" tests="15" time="1.488" timestamp="2026-09-16T19:51:55.191866+00:00" hostname="agent-env-2e46082c-28bf-4feb-95b5-051ce8b73309"><testcase classname="tests.test_nesu_memberships.TestValidation" name="test_invalid_tier_string" time="0.366" /><testcase classname="tests.test_nesu_memberships.TestMembershipCreate" name="test_create_each_tier[bronze-50000000]" time="0.401" /><testcase classname="tests.test_nesu_memberships.TestValidation" name="test_numeric_tier" time="0.075" /><testcase classname="tests.test_nesu_memberships.TestMembershipCreate" name="test_create_each_tier[silver-250000000]" time="0.084" /><testcase classname="tests.test_nesu_memberships.TestValidation" name="test_invalid_region" time="0.088" /><testcase classname="tests.test_nesu_memberships.TestMembershipCreate" name="test_create_each_tier[gold-500000000]" time="0.080" /><testcase classname="tests.test_nesu_memberships.TestValidation" name="test_invalid_email" time="0.081" /><testcase classname="tests.test_nesu_memberships.TestMembershipCreate" name="test_create_each_tier[diamond-1000000000]" time="0.080" /><testcase classname="tests.test_nesu_memberships.TestValidation" name="test_missing_required" time="0.077" /><testcase classname="tests.test_nesu_memberships.TestMembershipCreate" name="test_create_each_tier[platinum-10000000000]" time="0.079" /><testcase classname="tests.test_nesu_memberships.TestOldPledgesRemoved" name="test_pledges_get_gone" time="0.081" /><testcase classname="tests.test_nesu_memberships.TestTotals" name="test_totals_ok" time="0.093" /><testcase classname="tests.test_nesu_memberships.TestOldPledgesRemoved" name="test_pledges_totals_gone" time="0.087" /><testcase classname="tests.test_nesu_memberships.TestTotalsIncrement" name="test_totals_increment_per_region" time="0.326" /><testcase classname="tests.test_nesu_memberships.TestOldPledgesRemoved" name="test_pledges_post_gone" time="0.076" /></testsuite></testsuites>